0 info it worked if it ends with ok
1 verbose cli [ 'C:\\Program Files\\nodejs\\\\node.exe',
1 verbose cli   'C:\\Program Files\\nodejs\\node_modules\\npm\\bin\\npm-cli.js',
1 verbose cli   'install',
1 verbose cli   'methodOverride' ]
2 info using npm@1.4.28
3 info using node@v0.10.33
4 verbose node symlink C:\Program Files\nodejs\\node.exe
5 warn package.json express-resource@1.0.0 No repository field.
6 verbose readDependencies using package.json deps
7 verbose cache add [ 'methodOverride', null ]
8 verbose cache add name=undefined spec="methodOverride" args=["methodOverride",null]
9 verbose parsed url { protocol: null,
9 verbose parsed url   slashes: null,
9 verbose parsed url   auth: null,
9 verbose parsed url   host: null,
9 verbose parsed url   port: null,
9 verbose parsed url   hostname: null,
9 verbose parsed url   hash: null,
9 verbose parsed url   search: null,
9 verbose parsed url   query: null,
9 verbose parsed url   pathname: 'methodOverride',
9 verbose parsed url   path: 'methodOverride',
9 verbose parsed url   href: 'methodOverride' }
10 silly lockFile 106534e5-methodOverride methodOverride
11 verbose lock methodOverride C:\Users\F2FM\AppData\Roaming\npm-cache\106534e5-methodOverride.lock
12 silly lockFile 106534e5-methodOverride methodOverride
13 silly lockFile 106534e5-methodOverride methodOverride
14 verbose addNamed [ 'methodOverride', '' ]
15 verbose addNamed [ null, '*' ]
16 silly lockFile 70c5ec60-methodOverride methodOverride@
17 verbose lock methodOverride@ C:\Users\F2FM\AppData\Roaming\npm-cache\70c5ec60-methodOverride.lock
18 silly addNameRange { name: 'methodOverride', range: '*', hasData: false }
19 verbose request where is /methodOverride
20 verbose request registry http://registry.npmjs.org/
21 verbose request id 1a5b4c91caad8979
22 verbose url raw /methodOverride
23 verbose url resolving [ 'http://registry.npmjs.org/', './methodOverride' ]
24 verbose url resolved http://registry.npmjs.org/methodOverride
25 verbose request where is http://registry.npmjs.org/methodOverride
26 info trying registry request attempt 1 at 23:05:57
27 http GET http://registry.npmjs.org/methodOverride
28 http 404 http://registry.npmjs.org/methodOverride
29 silly registry.get cb [ 404,
29 silly registry.get   { 'content-type': 'application/json',
29 silly registry.get     'cache-control': 'max-age=0',
29 silly registry.get     'content-length': '2',
29 silly registry.get     'accept-ranges': 'bytes',
29 silly registry.get     date: 'Tue, 10 Nov 2015 22:04:24 GMT',
29 silly registry.get     via: '1.1 varnish',
29 silly registry.get     age: '0',
29 silly registry.get     connection: 'keep-alive',
29 silly registry.get     'x-served-by': 'cache-lcy1121-LCY',
29 silly registry.get     'x-cache': 'MISS',
29 silly registry.get     'x-cache-hits': '0',
29 silly registry.get     'x-timer': 'S1447193064.221471,VS0,VE95' } ]
30 silly lockFile 70c5ec60-methodOverride methodOverride@
31 silly lockFile 70c5ec60-methodOverride methodOverride@
32 error 404 Not Found
32 error 404
32 error 404 'methodOverride' is not in the npm registry.
32 error 404 You should bug the author to publish it
32 error 404 It was specified as a dependency of 'crud'
32 error 404
32 error 404 Note that you can also install from a
32 error 404 tarball, folder, or http url, or git url.
33 error System Windows_NT 6.1.7601
34 error command "C:\\Program Files\\nodejs\\\\node.exe" "C:\\Program Files\\nodejs\\node_modules\\npm\\bin\\npm-cli.js" "install" "methodOverride"
35 error cwd C:\node\crud\crud
36 error node -v v0.10.33
37 error npm -v 1.4.28
38 error code E404
39 verbose exit [ 1, true ]
